#
# There is insufficient memory for the Java Runtime Environment to continue.
# Native memory allocation (mmap) failed to map 157286400 bytes for committing reserved memory.
# Possible reasons:
#   The system is out of physical RAM or swap space
#   In 32 bit mode, the process size limit was hit
# Possible solutions:
#   Reduce memory load on the system
#   Increase physical memory or swap space
#   Check if swap backing store is full
#   Use 64 bit Java on a 64 bit OS
#   Decrease Java heap size (-Xmx/-Xms)
#   Decrease number of Java threads
#   Decrease Java thread stack sizes (-Xss)
#   Set larger code cache with -XX:ReservedCodeCacheSize=
# This output file may be truncated or incomplete.
#
#  Out of Memory Error (os_linux.cpp:2627), pid=7103, tid=0x00007f5bd06b4700
#
# JRE version: OpenJDK Runtime Environment (8.0_76-b03) (build 1.8.0_76-release-b03)
# Java VM: OpenJDK 64-Bit Server VM (25.76-b03 mixed mode linux-amd64 compressed oops)
# Failed to write core dump. Core dumps have been disabled. To enable core dumping, try "ulimit -c unlimited" before starting Java again
#

---------------  T H R E A D  ---------------

Current thread (0x00007f5be0077800):  VMThread [stack: 0x00007f5bd05b4000,0x00007f5bd06b5000] [id=7113]

Stack: [0x00007f5bd05b4000,0x00007f5bd06b5000],  sp=0x00007f5bd06b34d0,  free space=1021k
Native frames: (J=compiled Java code, j=interpreted, Vv=VM code, C=native code)
V  [libjvm.so+0x9d9fcd]  VMError::report_and_die()+0x15d
V  [libjvm.so+0x4b4d4a]  report_vm_out_of_memory(char const*, int, unsigned long, VMErrorType, char const*)+0x8a
V  [libjvm.so+0x845190]  os::pd_commit_memory(char*, unsigned long, unsigned long, bool)+0xf0
V  [libjvm.so+0x83fcbf]  os::commit_memory(char*, unsigned long, unsigned long, bool)+0x1f
V  [libjvm.so+0x8b4d9b]  PSVirtualSpace::expand_by(unsigned long)+0x5b
V  [libjvm.so+0x8a5b7b]  PSOldGen::expand_by(unsigned long) [clone .part.109]+0x1b
V  [libjvm.so+0x8a5d3b]  PSOldGen::expand(unsigned long) [clone .part.111]+0xdb
V  [libjvm.so+0x8a6618]  PSOldGen::resize(unsigned long)+0x188
V  [libjvm.so+0x8abc2c]  PSParallelCompact::invoke_no_policy(bool)+0x97c
V  [libjvm.so+0x8b2d3d]  PSScavenge::invoke()+0x17d
V  [libjvm.so+0x8681f3]  ParallelScavengeHeap::failed_mem_allocate(unsigned long)+0x63
V  [libjvm.so+0x9dba94]  VM_ParallelGCFailedAllocation::doit()+0x84
V  [libjvm.so+0x9dfe47]  VM_Operation::evaluate()+0x47
V  [libjvm.so+0x9de908]  VMThread::evaluate_operation(VM_Operation*)+0x2c8
V  [libjvm.so+0x9ded89]  VMThread::loop()+0x219
V  [libjvm.so+0x9df1d2]  VMThread::run()+0x72
V  [libjvm.so+0x8425b2]  java_start(Thread*)+0xf2

VM_Operation (0x00007f5bc17f60a0): ParallelGCFailedAllocation, mode: safepoint, requested by thread 0x00007f5be018e000


---------------  P R O C E S S  ---------------

Java Threads: ( => current thread )
  0x00007f5be0191800 JavaThread "pool-2-thread-4" [_thread_blocked, id=7150, stack(0x00007f5bc14f5000,0x00007f5bc15f6000)]
  0x00007f5be0190000 JavaThread "pool-2-thread-3" [_thread_blocked, id=7149, stack(0x00007f5bc15f6000,0x00007f5bc16f7000)]
  0x00007f5be018e000 JavaThread "pool-2-thread-2" [_thread_blocked, id=7148, stack(0x00007f5bc16f7000,0x00007f5bc17f8000)]
  0x00007f5be018c800 JavaThread "pool-3-thread-1" [_thread_blocked, id=7147, stack(0x00007f5bc17f8000,0x00007f5bc18f9000)]
  0x00007f5be018a800 JavaThread "pool-2-thread-1" [_thread_blocked, id=7145, stack(0x00007f5bc18f9000,0x00007f5bc19fa000)]
  0x00007f5be00bf800 JavaThread "Service Thread" daemon [_thread_blocked, id=7120, stack(0x00007f5bc1afb000,0x00007f5bc1bfc000)]
  0x00007f5be00bc800 JavaThread "C1 CompilerThread2" daemon [_thread_blocked, id=7119, stack(0x00007f5bc1bfc000,0x00007f5bc1cfd000)]
  0x00007f5be00ba800 JavaThread "C2 CompilerThread1" daemon [_thread_blocked, id=7118, stack(0x00007f5bc1cfd000,0x00007f5bc1dfe000)]
  0x00007f5be00b8000 JavaThread "C2 CompilerThread0" daemon [_thread_blocked, id=7117, stack(0x00007f5bc1dfe000,0x00007f5bc1eff000)]
  0x00007f5be00b6800 JavaThread "Signal Dispatcher" daemon [_thread_blocked, id=7116, stack(0x00007f5bc1eff000,0x00007f5bc2000000)]
  0x00007f5be0084000 JavaThread "Finalizer" daemon [_thread_blocked, id=7115, stack(0x00007f5bd03b2000,0x00007f5bd04b3000)]
  0x00007f5be007f000 JavaThread "Reference Handler" daemon [_thread_blocked, id=7114, stack(0x00007f5bd04b3000,0x00007f5bd05b4000)]
  0x00007f5be000a000 JavaThread "main" [_thread_blocked, id=7108, stack(0x00007f5be8b64000,0x00007f5be8c65000)]

Other Threads:
=>0x00007f5be0077800 VMThread [stack: 0x00007f5bd05b4000,0x00007f5bd06b5000] [id=7113]
  0x00007f5be00c2000 WatcherThread [stack: 0x00007f5bc19fa000,0x00007f5bc1afb000] [id=7121]

VM state:at safepoint (normal execution)

VM Mutex/Monitor currently owned by a thread:  ([mutex/lock_event])
[0x00007f5be0006050] ExpandHeap_lock - owner thread: 0x00007f5be0077800
[0x00007f5be00066d0] Threads_lock - owner thread: 0x00007f5be0077800
[0x00007f5be0006bd0] Heap_lock - owner thread: 0x00007f5be018e000

Heap:
 PSYoungGen      total 232960K, used 5921K [0x00000000eab00000, 0x0000000100000000, 0x0000000100000000)
  eden space 116736K, 0% used [0x00000000eab00000,0x00000000eab00000,0x00000000f1d00000)
  from space 116224K, 5% used [0x00000000f8e80000,0x00000000f94487e0,0x0000000100000000)
  to   space 116224K, 0% used [0x00000000f1d00000,0x00000000f1d00000,0x00000000f8e80000)
 ParOldGen       total 237568K, used 237291K [0x00000000c0000000, 0x00000000ce800000, 0x00000000eab00000)
  object space 237568K, 99% used [0x00000000c0000000,0x00000000ce7bac90,0x00000000ce800000)
 Metaspace       used 6233K, capacity 7088K, committed 7296K, reserved 1056768K
  class space    used 589K, capacity 616K, committed 640K, reserved 1048576K

Card table byte_map: [0x00007f5be5807000,0x00007f5be5a08000] byte_map_base: 0x00007f5be5207000

Marking Bits: (ParMarkBitMap*) 0x00007f5be80391a0
 Begin Bits: [0x00007f5bc2000000, 0x00007f5bc3000000)
 End Bits:   [0x00007f5bc3000000, 0x00007f5bc4000000)

Polling page: 0x00007f5be8c87000

CodeCache: size=245760Kb used=7609Kb max_used=7631Kb free=238150Kb
 bounds [0x00007f5bd1000000, 0x00007f5bd1780000, 0x00007f5be0000000]
 total_blobs=2108 nmethods=1840 adapters=182
 compilation: enabled

Compilation events (10 events):
Event: 18.289 Thread 0x00007f5be00bc800 nmethod 2203 0x00007f5bd175b350 code [0x00007f5bd175b8c0, 0x00007f5bd175ed88]
Event: 18.302 Thread 0x00007f5be00bc800 2204   !   2       com.android.dx.cf.direct.MemberListParser::parse (641 bytes)
Event: 18.307 Thread 0x00007f5be00bc800 nmethod 2204 0x00007f5bd1760fd0 code [0x00007f5bd1761720, 0x00007f5bd1764298]
Event: 18.375 Thread 0x00007f5be00bc800 2205 % !   3       com.android.dx.cf.cst.ConstantPoolParser::determineOffsets @ 5 (285 bytes)
Event: 18.377 Thread 0x00007f5be00bc800 nmethod 2205% 0x00007f5bd176a050 code [0x00007f5bd176a3e0, 0x00007f5bd176bf18]
Event: 18.377 Thread 0x00007f5be00bc800 2206       2       com.android.dx.ssa.InterferenceRegisterMapper::areAnyPinned (81 bytes)
Event: 18.377 Thread 0x00007f5be00bc800 nmethod 2206 0x00007f5bd176e810 code [0x00007f5bd176e9c0, 0x00007f5bd176ed18]
Event: 18.382 Thread 0x00007f5be00ba800 nmethod 2183% 0x00007f5bd1773410 code [0x00007f5bd17737a0, 0x00007f5bd1776348]
Event: 18.383 Thread 0x00007f5be00ba800 2088       4       com.android.dx.ssa.DeadCodeRemover::isCircularNoSideEffect (140 bytes)
Event: 18.407 Thread 0x00007f5be00bc800 2210       1       com.android.dx.cf.direct.DirectClassFile$DcfTypeList::isMutable (2 bytes)

GC Heap History (10 events):
Event: 16.419 GC heap after
Heap after GC invocations=14 (full 2):
 PSYoungGen      total 225280K, used 78931K [0x00000000eab00000, 0x0000000100000000, 0x0000000100000000)
  eden space 145920K, 0% used [0x00000000eab00000,0x00000000eab00000,0x00000000f3980000)
  from space 79360K, 99% used [0x00000000f3980000,0x00000000f8694ff8,0x00000000f8700000)
  to   space 109568K, 0% used [0x00000000f9500000,0x00000000f9500000,0x0000000100000000)
 ParOldGen       total 198656K, used 198270K [0x00000000c0000000, 0x00000000cc200000, 0x00000000eab00000)
  object space 198656K, 99% used [0x00000000c0000000,0x00000000cc19fa40,0x00000000cc200000)
 Metaspace       used 6190K, capacity 7088K, committed 7296K, reserved 1056768K
  class space    used 589K, capacity 616K, committed 640K, reserved 1048576K
}
Event: 16.419 GC heap before
{Heap before GC invocations=15 (full 3):
 PSYoungGen      total 225280K, used 78931K [0x00000000eab00000, 0x0000000100000000, 0x0000000100000000)
  eden space 145920K, 0% used [0x00000000eab00000,0x00000000eab00000,0x00000000f3980000)
  from space 79360K, 99% used [0x00000000f3980000,0x00000000f8694ff8,0x00000000f8700000)
  to   space 109568K, 0% used [0x00000000f9500000,0x00000000f9500000,0x0000000100000000)
 ParOldGen       total 198656K, used 198270K [0x00000000c0000000, 0x00000000cc200000, 0x00000000eab00000)
  object space 198656K, 99% used [0x00000000c0000000,0x00000000cc19fa40,0x00000000cc200000)
 Metaspace       used 6190K, capacity 7088K, committed 7296K, reserved 1056768K
  class space    used 589K, capacity 616K, committed 640K, reserved 1048576K
Event: 17.115 GC heap after
Heap after GC invocations=15 (full 3):
 PSYoungGen      total 225280K, used 0K [0x00000000eab00000, 0x0000000100000000, 0x0000000100000000)
  eden space 145920K, 0% used [0x00000000eab00000,0x00000000eab00000,0x00000000f3980000)
  from space 79360K, 0% used [0x00000000f3980000,0x00000000f3980000,0x00000000f8700000)
  to   space 109568K, 0% used [0x00000000f9500000,0x00000000f9500000,0x0000000100000000)
 ParOldGen       total 211456K, used 107708K [0x00000000c0000000, 0x00000000cce80000, 0x00000000eab00000)
  object space 211456K, 50% used [0x00000000c0000000,0x00000000c692f248,0x00000000cce80000)
 Metaspace       used 6190K, capacity 7088K, committed 7296K, reserved 1056768K
  class space    used 589K, capacity 616K, committed 640K, reserved 1048576K
}
Event: 17.532 GC heap before
{Heap before GC invocations=16 (full 3):
 PSYoungGen      total 225280K, used 145920K [0x00000000eab00000, 0x0000000100000000, 0x0000000100000000)
  eden space 145920K, 100% used [0x00000000eab00000,0x00000000f3980000,0x00000000f3980000)
  from space 79360K, 0% used [0x00000000f3980000,0x00000000f3980000,0x00000000f8700000)
  to   space 109568K, 0% used [0x00000000f9500000,0x00000000f9500000,0x0000000100000000)
 ParOldGen       total 211456K, used 107708K [0x00000000c0000000, 0x00000000cce80000, 0x00000000eab00000)
  object space 211456K, 50% used [0x00000000c0000000,0x00000000c692f248,0x00000000cce80000)
 Metaspace       used 6212K, capacity 7088K, committed 7296K, reserved 1056768K
  class space    used 589K, capacity 616K, committed 640K, reserved 1048576K
Event: 17.631 GC heap after
Heap after GC invocations=16 (full 3):
 PSYoungGen      total 226304K, used 77819K [0x00000000eab00000, 0x0000000100000000, 0x0000000100000000)
  eden space 116736K, 0% used [0x00000000eab00000,0x00000000eab00000,0x00000000f1d00000)
  from space 109568K, 71% used [0x00000000f9500000,0x00000000fe0fefe8,0x0000000100000000)
  to   space 116224K, 0% used [0x00000000f1d00000,0x00000000f1d00000,0x00000000f8e80000)
 ParOldGen       total 211456K, used 107708K [0x00000000c0000000, 0x00000000cce80000, 0x00000000eab00000)
  object space 211456K, 50% used [0x00000000c0000000,0x00000000c692f248,0x00000000cce80000)
 Metaspace       used 6212K, capacity 7088K, committed 7296K, reserved 1056768K
  class space    used 589K, capacity 616K, committed 640K, reserved 1048576K
}
Event: 17.804 GC heap before
{Heap before GC invocations=17 (full 3):
 PSYoungGen      total 226304K, used 194555K [0x00000000eab00000, 0x0000000100000000, 0x0000000100000000)
  eden space 116736K, 100% used [0x00000000eab00000,0x00000000f1d00000,0x00000000f1d00000)
  from space 109568K, 71% used [0x00000000f9500000,0x00000000fe0fefe8,0x0000000100000000)
  to   space 116224K, 0% used [0x00000000f1d00000,0x00000000f1d00000,0x00000000f8e80000)
 ParOldGen       total 211456K, used 107708K [0x00000000c0000000, 0x00000000cce80000, 0x00000000eab00000)
  object space 211456K, 50% used [0x00000000c0000000,0x00000000c692f248,0x00000000cce80000)
 Metaspace       used 6223K, capacity 7088K, committed 7296K, reserved 1056768K
  class space    used 589K, capacity 616K, committed 640K, reserved 1048576K
Event: 17.950 GC heap after
Heap after GC invocations=17 (full 3):
 PSYoungGen      total 232960K, used 116201K [0x00000000eab00000, 0x0000000100000000, 0x0000000100000000)
  eden space 116736K, 0% used [0x00000000eab00000,0x00000000eab00000,0x00000000f1d00000)
  from space 116224K, 99% used [0x00000000f1d00000,0x00000000f8e7a7c8,0x00000000f8e80000)
  to   space 116224K, 0% used [0x00000000f8e80000,0x00000000f8e80000,0x0000000100000000)
 ParOldGen       total 211456K, used 119260K [0x00000000c0000000, 0x00000000cce80000, 0x00000000eab00000)
  object space 211456K, 56% used [0x00000000c0000000,0x00000000c7477248,0x00000000cce80000)
 Metaspace       used 6223K, capacity 7088K, committed 7296K, reserved 1056768K
  class space    used 589K, capacity 616K, committed 640K, reserved 1048576K
}
Event: 18.417 GC heap before
{Heap before GC invocations=18 (full 3):
 PSYoungGen      total 232960K, used 232937K [0x00000000eab00000, 0x0000000100000000, 0x0000000100000000)
  eden space 116736K, 100% used [0x00000000eab00000,0x00000000f1d00000,0x00000000f1d00000)
  from space 116224K, 99% used [0x00000000f1d00000,0x00000000f8e7a7c8,0x00000000f8e80000)
  to   space 116224K, 0% used [0x00000000f8e80000,0x00000000f8e80000,0x0000000100000000)
 ParOldGen       total 211456K, used 119260K [0x00000000c0000000, 0x00000000cce80000, 0x00000000eab00000)
  object space 211456K, 56% used [0x00000000c0000000,0x00000000c7477248,0x00000000cce80000)
 Metaspace       used 6233K, capacity 7088K, committed 7296K, reserved 1056768K
  class space    used 589K, capacity 616K, committed 640K, reserved 1048576K
Event: 18.568 GC heap after
Heap after GC invocations=18 (full 3):
 PSYoungGen      total 232960K, used 17319K [0x00000000eab00000, 0x0000000100000000, 0x0000000100000000)
  eden space 116736K, 0% used [0x00000000eab00000,0x00000000eab00000,0x00000000f1d00000)
  from space 116224K, 14% used [0x00000000f8e80000,0x00000000f9f69e28,0x0000000100000000)
  to   space 116224K, 0% used [0x00000000f1d00000,0x00000000f1d00000,0x00000000f8e80000)
 ParOldGen       total 237568K, used 237157K [0x00000000c0000000, 0x00000000ce800000, 0x00000000eab00000)
  object space 237568K, 99% used [0x00000000c0000000,0x00000000ce799540,0x00000000ce800000)
 Metaspace       used 6233K, capacity 7088K, committed 7296K, reserved 1056768K
  class space    used 589K, capacity 616K, committed 640K, reserved 1048576K
}
Event: 18.568 GC heap before
{Heap before GC invocations=19 (full 4):
 PSYoungGen      total 232960K, used 17319K [0x00000000eab00000, 0x0000000100000000, 0x0000000100000000)
  eden space 116736K, 0% used [0x00000000eab00000,0x00000000eab00000,0x00000000f1d00000)
  from space 116224K, 14% used [0x00000000f8e80000,0x00000000f9f69e28,0x0000000100000000)
  to   space 116224K, 0% used [0x00000000f1d00000,0x00000000f1d00000,0x00000000f8e80000)
 ParOldGen       total 237568K, used 237157K [0x00000000c0000000, 0x00000000ce800000, 0x00000000eab00000)
  object space 237568K, 99% used [0x00000000c0000000,0x00000000ce799540,0x00000000ce800000)
 Metaspace       used 6233K, capacity 7088K, committed 7296K, reserved 1056768K
  class space    used 589K, capacity 616K, committed 640K, reserved 1048576K

Deoptimization events (10 events):
Event: 3.281 Thread 0x00007f5be018e000 Uncommon trap: reason=bimorphic action=maybe_recompile pc=0x00007f5bd1216cb4 method=java.util.HashMap.getNode(ILjava/lang/Object;)Ljava/util/HashMap$Node; @ 126
Event: 3.638 Thread 0x00007f5be018e000 Uncommon trap: reason=unstable_if action=reinterpret pc=0x00007f5bd136507c method=com.android.dx.ssa.SsaMethod.updateOneDefinition(Lcom/android/dx/ssa/SsaInsn;Lcom/android/dx/rop/code/RegisterSpec;)V @ 4
Event: 7.851 Thread 0x00007f5be000a000 Uncommon trap: reason=unstable_if action=reinterpret pc=0x00007f5bd12b7d2c method=java.util.HashMap.putVal(ILjava/lang/Object;Ljava/lang/Object;ZZ)Ljava/lang/Object; @ 162
Event: 7.959 Thread 0x00007f5be000a000 Uncommon trap: reason=unstable_if action=reinterpret pc=0x00007f5bd1216c90 method=java.util.HashMap.getNode(ILjava/lang/Object;)Ljava/util/HashMap$Node; @ 84
Event: 7.959 Thread 0x00007f5be000a000 Uncommon trap: reason=unstable_if action=reinterpret pc=0x00007f5bd144bc28 method=java.util.HashMap.resize()[Ljava/util/HashMap$Node; @ 206
Event: 8.664 Thread 0x00007f5be000a000 Uncommon trap: reason=unstable_if action=reinterpret pc=0x00007f5bd1330f08 method=com.android.dx.ssa.SetFactory.makeLivenessSet(I)Lcom/android/dx/util/IntSet; @ 4
Event: 9.436 Thread 0x00007f5be000a000 Uncommon trap: reason=unstable_if action=reinterpret pc=0x00007f5bd1532de4 method=com.android.dx.cf.code.ByteCatchList.typeNotFound(Lcom/android/dx/cf/code/ByteCatchList$Item;[Lcom/android/dx/cf/code/ByteCatchList$Item;I)Z @ 34
Event: 9.478 Thread 0x00007f5be000a000 Uncommon trap: reason=unstable_if action=reinterpret pc=0x00007f5bd15a6410 method=com.android.dx.rop.code.DexTranslationAdvice.hasConstantOperation(Lcom/android/dx/rop/code/Rop;Lcom/android/dx/rop/code/RegisterSpec;Lcom/android/dx/rop/code/RegisterSpec;)Z
Event: 16.158 Thread 0x00007f5be000a000 Uncommon trap: reason=unstable_if action=reinterpret pc=0x00007f5bd16db348 method=com.android.dx.ssa.LiteralOpUpgrader$1.visitNonMoveInsn(Lcom/android/dx/ssa/NormalSsaInsn;)V @ 55
Event: 17.795 Thread 0x00007f5be000a000 Uncommon trap: reason=unstable_if action=reinterpret pc=0x00007f5bd16f6d74 method=com.android.dx.rop.code.RegisterSpecSet.intersect(Lcom/android/dx/rop/code/RegisterSpecSet;Z)V @ 73

Internal exceptions (6 events):
Event: 0.017 Thread 0x00007f5be000a000 Exception <a 'java/lang/NoSuchMethodError': Method sun.misc.Unsafe.defineClass(Ljava/lang/String;[BII)Ljava/lang/Class; name or signature does not match> (0x00000000eab07cc0) thrown at [/ssd/Android/AOSP-openjdk/external/jetbrains/jdk/hotspot/src/share/vm
Event: 0.017 Thread 0x00007f5be000a000 Exception <a 'java/lang/NoSuchMethodError': Method sun.misc.Unsafe.prefetchRead(Ljava/lang/Object;J)V name or signature does not match> (0x00000000eab07fa8) thrown at [/ssd/Android/AOSP-openjdk/external/jetbrains/jdk/hotspot/src/share/vm/prims/jni.cpp, li
Event: 7.936 Thread 0x00007f5be000a000 Exception <a 'java/lang/ArrayIndexOutOfBoundsException': 18> (0x00000000ecd06510) thrown at [/ssd/Android/AOSP-openjdk/external/jetbrains/jdk/hotspot/src/share/vm/interpreter/interpreterRuntime.cpp, line 366]
Event: 7.945 Thread 0x00007f5be000a000 Exception <a 'java/lang/ArrayIndexOutOfBoundsException': 145> (0x00000000ecd08090) thrown at [/ssd/Android/AOSP-openjdk/external/jetbrains/jdk/hotspot/src/share/vm/interpreter/interpreterRuntime.cpp, line 366]
Event: 7.957 Thread 0x00007f5be000a000 Exception <a 'java/lang/ArrayIndexOutOfBoundsException'> (0x00000000ecd09378) thrown at [/ssd/Android/AOSP-openjdk/external/jetbrains/jdk/hotspot/src/share/vm/runtime/sharedRuntime.cpp, line 605]
Event: 17.795 Thread 0x00007f5be000a000 Implicit null exception at 0x00007f5bd16f4434 to 0x00007f5bd16f6d09

Events (10 events):
Event: 17.968 Thread 0x00007f5be0191800 DEOPT UNPACKING pc=0x00007f5bd1047373 sp=0x00007f5bc15f3e28 mode 0
Event: 18.034 Thread 0x00007f5be000a000 DEOPT PACKING pc=0x00007f5bd138bdfc sp=0x00007f5be8c62970
Event: 18.034 Thread 0x00007f5be000a000 DEOPT UNPACKING pc=0x00007f5bd1047373 sp=0x00007f5be8c626e8 mode 0
Event: 18.195 Thread 0x00007f5be000a000 DEOPT PACKING pc=0x00007f5bd1386c94 sp=0x00007f5be8c627f0
Event: 18.195 Thread 0x00007f5be000a000 DEOPT UNPACKING pc=0x00007f5bd1047373 sp=0x00007f5be8c62590 mode 0
Event: 18.289 Thread 0x00007f5be000a000 DEOPT PACKING pc=0x00007f5bd15df982 sp=0x00007f5be8c62ec0
Event: 18.289 Thread 0x00007f5be000a000 DEOPT UNPACKING pc=0x00007f5bd1047373 sp=0x00007f5be8c62cf0 mode 0
Event: 18.308 Thread 0x00007f5be0190000 DEOPT PACKING pc=0x00007f5bd1386c94 sp=0x00007f5bc16f5150
Event: 18.308 Thread 0x00007f5be0190000 DEOPT UNPACKING pc=0x00007f5bd1047373 sp=0x00007f5bc16f4ef0 mode 0
Event: 18.407 Executing VM operation: ParallelGCFailedAllocation


Dynamic libraries:
00400000-00401000 r-xp 00000000 08:06 4208497                            /usr/local/android-studio-old/jre/bin/java
00600000-00601000 r--p 00000000 08:06 4208497                            /usr/local/android-studio-old/jre/bin/java
00601000-00602000 rw-p 00001000 08:06 4208497                            /usr/local/android-studio-old/jre/bin/java
01b74000-01b95000 rw-p 00000000 00:00 0                                  [heap]
c0000000-ce800000 rw-p 00000000 00:00 0 
d7e00000-eab00000 ---p 00000000 00:00 0 
eab00000-100000000 rw-p 00000000 00:00 0 
100000000-1000a0000 rw-p 00000000 00:00 0 
1000a0000-140000000 ---p 00000000 00:00 0 
7f5b80000000-7f5b80021000 rw-p 00000000 00:00 0 
7f5b80021000-7f5b84000000 ---p 00000000 00:00 0 
7f5b88000000-7f5b88021000 rw-p 00000000 00:00 0 
7f5b88021000-7f5b8c000000 ---p 00000000 00:00 0 
7f5b8c000000-7f5b8c021000 rw-p 00000000 00:00 0 
7f5b8c021000-7f5b90000000 ---p 00000000 00:00 0 
7f5b90000000-7f5b90031000 rw-p 00000000 00:00 0 
7f5b90031000-7f5b94000000 ---p 00000000 00:00 0 
7f5b94000000-7f5b94021000 rw-p 00000000 00:00 0 
7f5b94021000-7f5b98000000 ---p 00000000 00:00 0 
7f5b98000000-7f5b98021000 rw-p 00000000 00:00 0 
7f5b98021000-7f5b9c000000 ---p 00000000 00:00 0 
7f5b9c000000-7f5b9c021000 rw-p 00000000 00:00 0 
7f5b9c021000-7f5ba0000000 ---p 00000000 00:00 0 
7f5ba0000000-7f5ba0b52000 rw-p 00000000 00:00 0 
7f5ba0b52000-7f5ba4000000 ---p 00000000 00:00 0 
7f5ba4000000-7f5ba470a000 rw-p 00000000 00:00 0 
7f5ba470a000-7f5ba8000000 ---p 00000000 00:00 0 
7f5ba8000000-7f5ba8021000 rw-p 00000000 00:00 0 
7f5ba8021000-7f5bac000000 ---p 00000000 00:00 0 
7f5bac000000-7f5baca16000 rw-p 00000000 00:00 0 
7f5baca16000-7f5bb0000000 ---p 00000000 00:00 0 
7f5bb0000000-7f5bb0021000 rw-p 00000000 00:00 0 
7f5bb0021000-7f5bb4000000 ---p 00000000 00:00 0 
7f5bb4000000-7f5bb4021000 rw-p 00000000 00:00 0 
7f5bb4021000-7f5bb8000000 ---p 00000000 00:00 0 
7f5bb8000000-7f5bb8287000 rw-p 00000000 00:00 0 
7f5bb8287000-7f5bbc000000 ---p 00000000 00:00 0 
7f5bbc000000-7f5bbc021000 rw-p 00000000 00:00 0 
7f5bbc021000-7f5bc0000000 ---p 00000000 00:00 0 
7f5bc14f5000-7f5bc14f8000 ---p 00000000 00:00 0 
7f5bc14f8000-7f5bc15f6000 rw-p 00000000 00:00 0 
7f5bc15f6000-7f5bc15f9000 ---p 00000000 00:00 0 
7f5bc15f9000-7f5bc16f7000 rw-p 00000000 00:00 0 
7f5bc16f7000-7f5bc16fa000 ---p 00000000 00:00 0 
7f5bc16fa000-7f5bc17f8000 rw-p 00000000 00:00 0 
7f5bc17f8000-7f5bc17fb000 ---p 00000000 00:00 0 
7f5bc17fb000-7f5bc18f9000 rw-p 00000000 00:00 0 
7f5bc18f9000-7f5bc18fc000 ---p 00000000 00:00 0 
7f5bc18fc000-7f5bc19fa000 rw-p 00000000 00:00 0 
7f5bc19fa000-7f5bc19fb000 ---p 00000000 00:00 0 
7f5bc19fb000-7f5bc1afb000 rw-p 00000000 00:00 0 
7f5bc1afb000-7f5bc1afe000 ---p 00000000 00:00 0 
7f5bc1afe000-7f5bc1bfc000 rw-p 00000000 00:00 0 
7f5bc1bfc000-7f5bc1bff000 ---p 00000000 00:00 0 
7f5bc1bff000-7f5bc1cfd000 rw-p 00000000 00:00 0 
7f5bc1cfd000-7f5bc1d00000 ---p 00000000 00:00 0 
7f5bc1d00000-7f5bc1dfe000 rw-p 00000000 00:00 0 
7f5bc1dfe000-7f5bc1e01000 ---p 00000000 00:00 0 
7f5bc1e01000-7f5bc1eff000 rw-p 00000000 00:00 0 
7f5bc1eff000-7f5bc1f02000 ---p 00000000 00:00 0 
7f5bc1f02000-7f5bc4000000 rw-p 00000000 00:00 0 
7f5bc4000000-7f5bc4021000 rw-p 00000000 00:00 0 
7f5bc4021000-7f5bc8000000 ---p 00000000 00:00 0 
7f5bc8000000-7f5bc8021000 rw-p 00000000 00:00 0 
7f5bc8021000-7f5bcc000000 ---p 00000000 00:00 0 
7f5bcc000000-7f5bcc021000 rw-p 00000000 00:00 0 
7f5bcc021000-7f5bd0000000 ---p 00000000 00:00 0 
7f5bd00c0000-7f5bd00cb000 r--s 00079000 08:07 1985578                    /home/shadab/.android/build-cache/4c269d0f5ed342ff5d807abc2751a61d74fe1e92/output/jars/classes.jar
7f5bd00cb000-7f5bd00d9000 r--s 000e0000 08:05 87111                      /media/shadab/Sdrive/apk/build-tools/25.0.0/lib/dx.jar
7f5bd00d9000-7f5bd03b2000 r--p 00000000 08:06 4206086                    /usr/lib/locale/locale-archive
7f5bd03b2000-7f5bd03b5000 ---p 00000000 00:00 0 
7f5bd03b5000-7f5bd04b3000 rw-p 00000000 00:00 0 
7f5bd04b3000-7f5bd04b6000 ---p 00000000 00:00 0 
7f5bd04b6000-7f5bd05b4000 rw-p 00000000 00:00 0 
7f5bd05b4000-7f5bd05b5000 ---p 00000000 00:00 0 
7f5bd05b5000-7f5bd1000000 rw-p 00000000 00:00 0 
7f5bd1000000-7f5bd1780000 rwxp 00000000 00:00 0 
7f5bd1780000-7f5be0000000 ---p 00000000 00:00 0 
7f5be0000000-7f5be03f7000 rw-p 00000000 00:00 0 
7f5be03f7000-7f5be4000000 ---p 00000000 00:00 0 
7f5be4001000-7f5be466a000 rw-p 00000000 00:00 0 
7f5be466a000-7f5be4837000 r--s 03bec000 08:06 4208554                    /usr/local/android-studio-old/jre/jre/lib/rt.jar
7f5be4837000-7f5be4f2d000 rw-p 00000000 00:00 0 
7f5be4f2d000-7f5be50ad000 ---p 00000000 00:00 0 
7f5be50ad000-7f5be52ad000 rw-p 00000000 00:00 0 
7f5be52ad000-7f5be52ae000 ---p 00000000 00:00 0 
7f5be52ae000-7f5be53ae000 rw-p 00000000 00:00 0 
7f5be53ae000-7f5be53af000 ---p 00000000 00:00 0 
7f5be53af000-7f5be54af000 rw-p 00000000 00:00 0 
7f5be54af000-7f5be54b0000 ---p 00000000 00:00 0 
7f5be54b0000-7f5be55b0000 rw-p 00000000 00:00 0 
7f5be55b0000-7f5be55b1000 ---p 00000000 00:00 0 
7f5be55b1000-7f5be5725000 rw-p 00000000 00:00 0 
7f5be5725000-7f5be5807000 ---p 00000000 00:00 0 
7f5be5807000-7f5be587b000 rw-p 00000000 00:00 0 
7f5be587b000-7f5be595c000 ---p 00000000 00:00 0 
7f5be595c000-7f5be5a07000 rw-p 00000000 00:00 0 
7f5be5a07000-7f5be5a26000 rw-p 00000000 00:00 0 
7f5be5a26000-7f5be5dc8000 ---p 00000000 00:00 0 
7f5be5dc8000-7f5be5de2000 r-xp 00000000 08:06 4208581                    /usr/local/android-studio-old/jre/jre/lib/amd64/libzip.so
7f5be5de2000-7f5be5fe2000 ---p 0001a000 08:06 4208581                    /usr/local/android-studio-old/jre/jre/lib/amd64/libzip.so
7f5be5fe2000-7f5be5fe3000 r--p 0001a000 08:06 4208581                    /usr/local/android-studio-old/jre/jre/lib/amd64/libzip.so
7f5be5fe3000-7f5be5fe4000 rw-p 0001b000 08:06 4208581                    /usr/local/android-studio-old/jre/jre/lib/amd64/libzip.so
7f5be5fe4000-7f5be5fef000 r-xp 00000000 08:06 4462436                    /lib/x86_64-linux-gnu/libnss_files-2.24.so
7f5be5fef000-7f5be61ee000 ---p 0000b000 08:06 4462436                    /lib/x86_64-linux-gnu/libnss_files-2.24.so
7f5be61ee000-7f5be61ef000 r--p 0000a000 08:06 4462436                    /lib/x86_64-linux-gnu/libnss_files-2.24.so
7f5be61ef000-7f5be61f0000 rw-p 0000b000 08:06 4462436                    /lib/x86_64-linux-gnu/libnss_files-2.24.so
7f5be61f0000-7f5be61f6000 rw-p 00000000 00:00 0 
7f5be61f6000-7f5be6201000 r-xp 00000000 08:06 4462438                    /lib/x86_64-linux-gnu/libnss_nis-2.24.so
7f5be6201000-7f5be6400000 ---p 0000b000 08:06 4462438                    /lib/x86_64-linux-gnu/libnss_nis-2.24.so
7f5be6400000-7f5be6401000 r--p 0000a000 08:06 4462438                    /lib/x86_64-linux-gnu/libnss_nis-2.24.so
7f5be6401000-7f5be6402000 rw-p 0000b000 08:06 4462438                    /lib/x86_64-linux-gnu/libnss_nis-2.24.so
7f5be6402000-7f5be6418000 r-xp 00000000 08:06 4462433                    /lib/x86_64-linux-gnu/libnsl-2.24.so
7f5be6418000-7f5be6617000 ---p 00016000 08:06 4462433                    /lib/x86_64-linux-gnu/libnsl-2.24.so
7f5be6617000-7f5be6618000 r--p 00015000 08:06 4462433                    /lib/x86_64-linux-gnu/libnsl-2.24.so
7f5be6618000-7f5be6619000 rw-p 00016000 08:06 4462433                    /lib/x86_64-linux-gnu/libnsl-2.24.so
7f5be6619000-7f5be661b000 rw-p 00000000 00:00 0 
7f5be661b000-7f5be6623000 r-xp 00000000 08:06 4462434                    /lib/x86_64-linux-gnu/libnss_compat-2.24.so
7f5be6623000-7f5be6822000 ---p 00008000 08:06 4462434                    /lib/x86_64-linux-gnu/libnss_compat-2.24.so
7f5be6822000-7f5be6823000 r--p 00007000 08:06 4462434                    /lib/x86_64-linux-gnu/libnss_compat-2.24.so
7f5be6823000-7f5be6824000 rw-p 00008000 08:06 4462434                    /lib/x86_64-linux-gnu/libnss_compat-2.24.so
7f5be6824000-7f5be6851000 r-xp 00000000 08:06 4208591                    /usr/local/android-studio-old/jre/jre/lib/amd64/libjava.so
7f5be6851000-7f5be6a50000 ---p 0002d000 08:06 4208591                    /usr/local/android-studio-old/jre/jre/lib/amd64/libjava.so
7f5be6a50000-7f5be6a51000 r--p 0002c000 08:06 4208591                    /usr/local/android-studio-old/jre/jre/lib/amd64/libjava.so
7f5be6a51000-7f5be6a53000 rw-p 0002d000 08:06 4208591                    /usr/local/android-studio-old/jre/jre/lib/amd64/libjava.so
7f5be6a53000-7f5be6a63000 r-xp 00000000 08:06 4208607                    /usr/local/android-studio-old/jre/jre/lib/amd64/libverify.so
7f5be6a63000-7f5be6c62000 ---p 00010000 08:06 4208607                    /usr/local/android-studio-old/jre/jre/lib/amd64/libverify.so
7f5be6c62000-7f5be6c64000 r--p 0000f000 08:06 4208607                    /usr/local/android-studio-old/jre/jre/lib/amd64/libverify.so
7f5be6c64000-7f5be6c65000 rw-p 00011000 08:06 4208607                    /usr/local/android-studio-old/jre/jre/lib/amd64/libverify.so
7f5be6c65000-7f5be6c6c000 r-xp 00000000 08:06 4462443                    /lib/x86_64-linux-gnu/librt-2.24.so
7f5be6c6c000-7f5be6e6b000 ---p 00007000 08:06 4462443                    /lib/x86_64-linux-gnu/librt-2.24.so
7f5be6e6b000-7f5be6e6c000 r--p 00006000 08:06 4462443                    /lib/x86_64-linux-gnu/librt-2.24.so
7f5be6e6c000-7f5be6e6d000 rw-p 00007000 08:06 4462443                    /lib/x86_64-linux-gnu/librt-2.24.so
7f5be6e6d000-7f5be6f75000 r-xp 00000000 08:06 4462430                    /lib/x86_64-linux-gnu/libm-2.24.so
7f5be6f75000-7f5be7174000 ---p 00108000 08:06 4462430                    /lib/x86_64-linux-gnu/libm-2.24.so
7f5be7174000-7f5be7175000 r--p 00107000 08:06 4462430                    /lib/x86_64-linux-gnu/libm-2.24.so
7f5be7175000-7f5be7176000 rw-p 00108000 08:06 4462430                    /lib/x86_64-linux-gnu/libm-2.24.so
7f5be7176000-7f5be7d5c000 r-xp 00000000 08:06 4208611                    /usr/local/android-studio-old/jre/jre/lib/amd64/server/libjvm.so
7f5be7d5c000-7f5be7f5c000 ---p 00be6000 08:06 4208611                    /usr/local/android-studio-old/jre/jre/lib/amd64/server/libjvm.so
7f5be7f5c000-7f5be7ffb000 r--p 00be6000 08:06 4208611                    /usr/local/android-studio-old/jre/jre/lib/amd64/server/libjvm.so
7f5be7ffb000-7f5be8024000 rw-p 00c85000 08:06 4208611                    /usr/local/android-studio-old/jre/jre/lib/amd64/server/libjvm.so
7f5be8024000-7f5be8066000 rw-p 00000000 00:00 0 
7f5be8066000-7f5be807e000 r-xp 00000000 08:06 4462441                    /lib/x86_64-linux-gnu/libpthread-2.24.so
7f5be807e000-7f5be827e000 ---p 00018000 08:06 4462441                    /lib/x86_64-linux-gnu/libpthread-2.24.so
7f5be827e000-7f5be827f000 r--p 00018000 08:06 4462441                    /lib/x86_64-linux-gnu/libpthread-2.24.so
7f5be827f000-7f5be8280000 rw-p 00019000 08:06 4462441                    /lib/x86_64-linux-gnu/libpthread-2.24.so
7f5be8280000-7f5be8284000 rw-p 00000000 00:00 0 
7f5be8284000-7f5be8287000 r-xp 00000000 08:06 4462429                    /lib/x86_64-linux-gnu/libdl-2.24.so
7f5be8287000-7f5be8486000 ---p 00003000 08:06 4462429                    /lib/x86_64-linux-gnu/libdl-2.24.so
7f5be8486000-7f5be8487000 r--p 00002000 08:06 4462429                    /lib/x86_64-linux-gnu/libdl-2.24.so
7f5be8487000-7f5be8488000 rw-p 00003000 08:06 4462429                    /lib/x86_64-linux-gnu/libdl-2.24.so
7f5be8488000-7f5be8646000 r-xp 00000000 08:06 4462426                    /lib/x86_64-linux-gnu/libc-2.24.so
7f5be8646000-7f5be8845000 ---p 001be000 08:06 4462426                    /lib/x86_64-linux-gnu/libc-2.24.so
7f5be8845000-7f5be8849000 r--p 001bd000 08:06 4462426                    /lib/x86_64-linux-gnu/libc-2.24.so
7f5be8849000-7f5be884b000 rw-p 001c1000 08:06 4462426                    /lib/x86_64-linux-gnu/libc-2.24.so
7f5be884b000-7f5be884f000 rw-p 00000000 00:00 0 
7f5be884f000-7f5be8865000 r-xp 00000000 08:06 4208471                    /usr/local/android-studio-old/jre/lib/amd64/jli/libjli.so
7f5be8865000-7f5be8a64000 ---p 00016000 08:06 4208471                    /usr/local/android-studio-old/jre/lib/amd64/jli/libjli.so
7f5be8a64000-7f5be8a65000 r--p 00015000 08:06 4208471                    /usr/local/android-studio-old/jre/lib/amd64/jli/libjli.so
7f5be8a65000-7f5be8a66000 rw-p 00016000 08:06 4208471                    /usr/local/android-studio-old/jre/lib/amd64/jli/libjli.so
7f5be8a66000-7f5be8a8b000 r-xp 00000000 08:06 4462422                    /lib/x86_64-linux-gnu/ld-2.24.so
7f5be8a94000-7f5be8b64000 rw-p 00000000 00:00 0 
7f5be8b64000-7f5be8b67000 ---p 00000000 00:00 0 
7f5be8b67000-7f5be8c67000 rw-p 00000000 00:00 0 
7f5be8c6a000-7f5be8c7e000 rw-p 00000000 00:00 0 
7f5be8c7e000-7f5be8c86000 rw-s 00000000 08:06 5513844                    /tmp/hsperfdata_shadab/7103
7f5be8c86000-7f5be8c87000 rw-p 00000000 00:00 0 
7f5be8c87000-7f5be8c88000 ---p 00000000 00:00 0 
7f5be8c88000-7f5be8c8b000 rw-p 00000000 00:00 0 
7f5be8c8b000-7f5be8c8c000 r--p 00025000 08:06 4462422                    /lib/x86_64-linux-gnu/ld-2.24.so
7f5be8c8c000-7f5be8c8d000 rw-p 00026000 08:06 4462422                    /lib/x86_64-linux-gnu/ld-2.24.so
7f5be8c8d000-7f5be8c8e000 rw-p 00000000 00:00 0 
7ffff0771000-7ffff0793000 rw-p 00000000 00:00 0                          [stack]
7ffff07da000-7ffff07dc000 r--p 00000000 00:00 0                          [vvar]
7ffff07dc000-7ffff07de000 r-xp 00000000 00:00 0                          [vdso]
ffffffffff600000-ffffffffff601000 r-xp 00000000 00:00 0                  [vsyscall]

VM Arguments:
jvm_args: -Djava.awt.headless=true -Xmx1024M -Dfile.encoding=UTF-8 -Duser.country=IN -Duser.language=en -Duser.variant 
java_command: com.android.dx.command.Main --dex --force-jumbo --num-threads=4 --multi-dex --output /home/shadab/AndroidStudioProjects/FindX/app/build/intermediates/transforms/dex/debug/folders/1000/10/classes_8cbfd302c066a353573370fd330f401398597b6c /home/shadab/.android/build-cache/4c269d0f5ed342ff5d807abc2751a61d74fe1e92/output/jars/classes.jar
java_class_path (initial): /media/shadab/Sdrive/apk/build-tools/25.0.0/lib/dx.jar
Launcher Type: SUN_STANDARD

Environment Variables:
JAVA_HOME=/usr/local/java/jdk1.8.0_112
JRE_HOME=/usr/local/java/jdk1.8.0_112/jre
CLASSPATH=./../lib/bootstrap.jar:./../lib/extensions.jar:./../lib/util.jar:./../lib/jdom.jar:./../lib/log4j.jar:./../lib/trove4j.jar:./../lib/jna.jar:./../jre/lib/tools.jar
PATH=/home/shadab/bin:/home/shadab/.local/bin:/usr/local/sbin:/usr/local/bin:/usr/sbin:/usr/bin:/sbin:/bin:/usr/games:/usr/local/games:/home/shadab/Desktop/tomcat/bin:/opt/gradle/gradle-3.5/bin:/opt/maven-3.5.0/bin:/snap/bin:/usr/local/java/jdk1.8.0_112/bin:/usr/local/java/jdk1.8.0_112/jre/bin:/opt/gradle/gradle-3.5/bin:/opt/maven-3.5.0/bin
LD_LIBRARY_PATH=.:
SHELL=/bin/bash
DISPLAY=:0

Signal Handlers:
SIGSEGV: [libjvm.so+0x9daac0], sa_mask[0]=11111111011111111101111111111110, sa_flags=SA_RESTART|SA_SIGINFO
SIGBUS: [libjvm.so+0x9daac0], sa_mask[0]=11111111011111111101111111111110, sa_flags=SA_RESTART|SA_SIGINFO
SIGFPE: [libjvm.so+0x840d90], sa_mask[0]=11111111011111111101111111111110, sa_flags=SA_RESTART|SA_SIGINFO
SIGPIPE: [libjvm.so+0x840d90], sa_mask[0]=11111111011111111101111111111110, sa_flags=SA_RESTART|SA_SIGINFO
SIGXFSZ: [libjvm.so+0x840d90], sa_mask[0]=11111111011111111101111111111110, sa_flags=SA_RESTART|SA_SIGINFO
SIGILL: [libjvm.so+0x840d90], sa_mask[0]=11111111011111111101111111111110, sa_flags=SA_RESTART|SA_SIGINFO
SIGUSR1: SIG_DFL, sa_mask[0]=00000000000000000000000000000000, sa_flags=none
SIGUSR2: [libjvm.so+0x840c60], sa_mask[0]=00100000000000000000000000000000, sa_flags=SA_RESTART|SA_SIGINFO
SIGHUP: [libjvm.so+0x840e50], sa_mask[0]=11111111011111111101111111111110, sa_flags=SA_RESTART|SA_SIGINFO
SIGINT: [libjvm.so+0x840e50], sa_mask[0]=11111111011111111101111111111110, sa_flags=SA_RESTART|SA_SIGINFO
SIGTERM: [libjvm.so+0x840e50], sa_mask[0]=11111111011111111101111111111110, sa_flags=SA_RESTART|SA_SIGINFO
SIGQUIT: [libjvm.so+0x840e50], sa_mask[0]=11111111011111111101111111111110, sa_flags=SA_RESTART|SA_SIGINFO


---------------  S Y S T E M  ---------------

OS:DISTRIB_ID=Ubuntu
DISTRIB_RELEASE=16.10
DISTRIB_CODENAME=yakkety
DISTRIB_DESCRIPTION="Ubuntu 16.10"

uname:Linux 4.8.0-59-generic #64-Ubuntu SMP Thu Jun 29 19:38:34 UTC 2017 x86_64
libc:glibc 2.24 NPTL 2.24 
rlimit: STACK 8192k, CORE 0k, NPROC 15119, NOFILE 4096, AS infinity
load average:6.89 2.60 1.82

/proc/meminfo:
MemTotal:        3959060 kB
MemFree:          106652 kB
MemAvailable:      29224 kB
Buffers:            5764 kB
Cached:           213088 kB
SwapCached:            0 kB
Active:          3442584 kB
Inactive:         191784 kB
Active(anon):    3417092 kB
Inactive(anon):   166756 kB
Active(file):      25492 kB
Inactive(file):    25028 kB
Unevictable:          52 kB
Mlocked:              52 kB
SwapTotal:             0 kB
SwapFree:              0 kB
Dirty:               716 kB
Writeback:             0 kB
AnonPages:       3415988 kB
Mapped:            79960 kB
Shmem:            167984 kB
Slab:              91812 kB
SReclaimable:      39444 kB
SUnreclaim:        52368 kB
KernelStack:       10464 kB
PageTables:        43720 kB
NFS_Unstable:          0 kB
Bounce:                0 kB
WritebackTmp:          0 kB
CommitLimit:     1979528 kB
Committed_AS:    7348716 kB
VmallocTotal:   34359738367 kB
VmallocUsed:           0 kB
VmallocChunk:          0 kB
HardwareCorrupted:     0 kB
AnonHugePages:   1251328 kB
ShmemHugePages:        0 kB
ShmemPmdMapped:        0 kB
CmaTotal:              0 kB
CmaFree:               0 kB
HugePages_Total:       0
HugePages_Free:        0
HugePages_Rsvd:        0
HugePages_Surp:        0
Hugepagesize:       2048 kB
DirectMap4k:      184188 kB
DirectMap2M:     3923968 kB
DirectMap1G:     1048576 kB


CPU:total 4 (2 cores per cpu, 2 threads per core) family 6 model 61 stepping 4, cmov, cx8, fxsr, mmx, sse, sse2, sse3, ssse3, sse4.1, sse4.2, popcnt, avx, avx2, aes, clmul, erms, 3dnowpref, lzcnt, ht, tsc, tscinvbit, bmi1, bmi2, adx

/proc/cpuinfo:
processor	: 0
vendor_id	: GenuineIntel
cpu family	: 6
model		: 61
model name	: Intel(R) Core(TM) i5-5200U CPU @ 2.20GHz
stepping	: 4
microcode	: 0x24
cpu MHz		: 2499.975
cache size	: 3072 KB
physical id	: 0
siblings	: 4
core id		: 0
cpu cores	: 2
apicid		: 0
initial apicid	: 0
fpu		: yes
fpu_exception	: yes
cpuid level	: 20
wp		: yes
flags		: fpu vme de pse tsc msr pae mce cx8 apic sep mtrr pge mca cmov pat pse36 clflush dts acpi mmx fxsr sse sse2 ss ht tm pbe syscall nx pdpe1gb rdtscp lm constant_tsc arch_perfmon pebs bts rep_good nopl xtopology nonstop_tsc aperfmperf eagerfpu pni pclmulqdq dtes64 monitor ds_cpl vmx est tm2 ssse3 sdbg fma cx16 xtpr pdcm pcid sse4_1 sse4_2 x2apic movbe popcnt tsc_deadline_timer aes xsave avx f16c rdrand lahf_lm abm 3dnowprefetch epb intel_pt tpr_shadow vnmi flexpriority ept vpid fsgsbase tsc_adjust bmi1 avx2 smep bmi2 erms invpcid rdseed adx smap xsaveopt dtherm ida arat pln pts
bugs		:
bogomips	: 4389.62
clflush size	: 64
cache_alignment	: 64
address sizes	: 39 bits physical, 48 bits virtual
power management:

processor	: 1
vendor_id	: GenuineIntel
cpu family	: 6
model		: 61
model name	: Intel(R) Core(TM) i5-5200U CPU @ 2.20GHz
stepping	: 4
microcode	: 0x24
cpu MHz		: 2499.975
cache size	: 3072 KB
physical id	: 0
siblings	: 4
core id		: 1
cpu cores	: 2
apicid		: 2
initial apicid	: 2
fpu		: yes
fpu_exception	: yes
cpuid level	: 20
wp		: yes
flags		: fpu vme de pse tsc msr pae mce cx8 apic sep mtrr pge mca cmov pat pse36 clflush dts acpi mmx fxsr sse sse2 ss ht tm pbe syscall nx pdpe1gb rdtscp lm constant_tsc arch_perfmon pebs bts rep_good nopl xtopology nonstop_tsc aperfmperf eagerfpu pni pclmulqdq dtes64 monitor ds_cpl vmx est tm2 ssse3 sdbg fma cx16 xtpr pdcm pcid sse4_1 sse4_2 x2apic movbe popcnt tsc_deadline_timer aes xsave avx f16c rdrand lahf_lm abm 3dnowprefetch epb intel_pt tpr_shadow vnmi flexpriority ept vpid fsgsbase tsc_adjust bmi1 avx2 smep bmi2 erms invpcid rdseed adx smap xsaveopt dtherm ida arat pln pts
bugs		:
bogomips	: 4389.62
clflush size	: 64
cache_alignment	: 64
address sizes	: 39 bits physical, 48 bits virtual
power management:

processor	: 2
vendor_id	: GenuineIntel
cpu family	: 6
model		: 61
model name	: Intel(R) Core(TM) i5-5200U CPU @ 2.20GHz
stepping	: 4
microcode	: 0x24
cpu MHz		: 2499.975
cache size	: 3072 KB
physical id	: 0
siblings	: 4
core id		: 0
cpu cores	: 2
apicid		: 1
initial apicid	: 1
fpu		: yes
fpu_exception	: yes
cpuid level	: 20
wp		: yes
flags		: fpu vme de pse tsc msr pae mce cx8 apic sep mtrr pge mca cmov pat pse36 clflush dts acpi mmx fxsr sse sse2 ss ht tm pbe syscall nx pdpe1gb rdtscp lm constant_tsc arch_perfmon pebs bts rep_good nopl xtopology nonstop_tsc aperfmperf eagerfpu pni pclmulqdq dtes64 monitor ds_cpl vmx est tm2 ssse3 sdbg fma cx16 xtpr pdcm pcid sse4_1 sse4_2 x2apic movbe popcnt tsc_deadline_timer aes xsave avx f16c rdrand lahf_lm abm 3dnowprefetch epb intel_pt tpr_shadow vnmi flexpriority ept vpid fsgsbase tsc_adjust bmi1 avx2 smep bmi2 erms invpcid rdseed adx smap xsaveopt dtherm ida arat pln pts
bugs		:
bogomips	: 4389.62
clflush size	: 64
cache_alignment	: 64
address sizes	: 39 bits physical, 48 bits virtual
power management:

processor	: 3
vendor_id	: GenuineIntel
cpu family	: 6
model		: 61
model name	: Intel(R) Core(TM) i5-5200U CPU @ 2.20GHz
stepping	: 4
microcode	: 0x24
cpu MHz		: 2499.975
cache size	: 3072 KB
physical id	: 0
siblings	: 4
core id		: 1
cpu cores	: 2
apicid		: 3
initial apicid	: 3
fpu		: yes
fpu_exception	: yes
cpuid level	: 20
wp		: yes
flags		: fpu vme de pse tsc msr pae mce cx8 apic sep mtrr pge mca cmov pat pse36 clflush dts acpi mmx fxsr sse sse2 ss ht tm pbe syscall nx pdpe1gb rdtscp lm constant_tsc arch_perfmon pebs bts rep_good nopl xtopology nonstop_tsc aperfmperf eagerfpu pni pclmulqdq dtes64 monitor ds_cpl vmx est tm2 ssse3 sdbg fma cx16 xtpr pdcm pcid sse4_1 sse4_2 x2apic movbe popcnt tsc_deadline_timer aes xsave avx f16c rdrand lahf_lm abm 3dnowprefetch epb intel_pt tpr_shadow vnmi flexpriority ept vpid fsgsbase tsc_adjust bmi1 avx2 smep bmi2 erms invpcid rdseed adx smap xsaveopt dtherm ida arat pln pts
bugs		:
bogomips	: 4389.62
clflush size	: 64
cache_alignment	: 64
address sizes	: 39 bits physical, 48 bits virtual
power management:



Memory: 4k page, physical 3959060k(106652k free), swap 0k(0k free)

vm_info: OpenJDK 64-Bit Server VM (25.76-b03) for linux-amd64 JRE (1.8.0_76-release-b03), built on Jun 29 2016 09:39:19 by "builder" with gcc 4.8.4

time: Sat Oct  7 10:45:51 2017
elapsed time: 20 seconds (0d 0h 0m 20s)

